<?xml version="1.0" encoding="UTF-8"?>
<!-- Generated by org.testng.reporters.JUnitReportReporter -->
<testsuite hostname="192.168.1.2" failures="0" tests="1" name="nmittal.testcases.landingpagetest" time="73.945" errors="0" timestamp="2022-09-25T18:38:11 IST" skipped="0">
  <testcase classname="nmittal.testcases.landingpagetest" name="buyProduct" time="73.945"/>
  <system-out/>
</testsuite> <!-- nmittal.testcases.landingpagetest -->
