<?xml version="1.0" encoding="UTF-8"?>
<!-- Generated by org.testng.reporters.JUnitReportReporter -->
<testsuite hostname="IN-NMITTAL-MBP.local" failures="0" tests="1" name="nmittal.testcases.SearchPageTest" time="40.138" errors="0" timestamp="2022-09-26T18:26:13 IST" skipped="0">
  <testcase classname="nmittal.testcases.SearchPageTest" name="searchProduct" time="40.138"/>
  <system-out/>
</testsuite> <!-- nmittal.testcases.SearchPageTest -->
