<?xml version="1.0" encoding="UTF-8"?>
<!-- Generated by org.testng.reporters.JUnitReportReporter -->
<testsuite hostname="IN-NMITTAL-MBP.local" failures="0" tests="1" name="nmittal.testcases.LoginPageTest" time="64.302" errors="0" timestamp="2022-09-26T17:04:42 IST" skipped="0">
  <testcase classname="nmittal.testcases.LoginPageTest" name="Invalidemail" time="64.302"/>
  <system-out/>
</testsuite> <!-- nmittal.testcases.LoginPageTest -->
