<?xml version="1.0" encoding="UTF-8"?>
<!-- Generated by org.testng.reporters.JUnitReportReporter -->
<testsuite hostname="IN-NMITTAL-MBP.local" failures="0" tests="1" name="nmittal.testcases.AccountCreationPageTest" time="94.682" errors="0" timestamp="2022-09-26T17:35:46 IST" skipped="0">
  <testcase classname="nmittal.testcases.AccountCreationPageTest" name="validateIncorrectinfo" time="94.682"/>
  <system-out/>
</testsuite> <!-- nmittal.testcases.AccountCreationPageTest -->
