<?xml version="1.0" encoding="UTF-8"?>
<!-- Generated by org.testng.reporters.JUnitReportReporter -->
<testsuite hostname="IN-NMITTAL-MBP.local" failures="0" tests="1" name="nmittal.testcases.CatalogPageTest" time="44.180" errors="0" timestamp="2022-09-26T20:40:31 IST" skipped="0">
  <testcase classname="nmittal.testcases.CatalogPageTest" name="verifyAddWishlist" time="44.180"/>
  <system-out/>
</testsuite> <!-- nmittal.testcases.CatalogPageTest -->
