<?xml version="1.0" encoding="UTF-8"?>
<!-- Generated by org.testng.reporters.JUnitReportReporter -->
<testsuite hostname="IN-NMITTAL-MBP.local" failures="0" tests="1" name="nmittal.testcases.e2ebuyTest" time="77.788" errors="0" timestamp="2022-09-26T20:34:09 IST" skipped="0">
  <testcase classname="nmittal.testcases.e2ebuyTest" name="searchProduct" time="77.788"/>
  <system-out/>
</testsuite> <!-- nmittal.testcases.e2ebuyTest -->
