<?xml version="1.0" encoding="UTF-8"?>
<!-- Generated by org.testng.reporters.JUnitReportReporter -->
<testsuite hostname="192.168.1.110" failures="0" tests="1" name="testcases.landingpagetest" time="3.955" errors="0" timestamp="2022-09-16T21:35:29 IST" skipped="0">
  <testcase classname="testcases.landingpagetest" name="verifyLogo" time="3.955"/>
  <system-out/>
</testsuite> <!-- testcases.landingpagetest -->
