<?xml version="1.0" encoding="UTF-8"?>
<!-- Generated by org.testng.reporters.JUnitReportReporter -->
<testsuite hostname="192.168.1.2" failures="0" tests="2" name="nikhil_automation.testcases.landingpagetest" time="15.903" errors="0" timestamp="2022-09-25T09:03:11 IST" skipped="0">
  <testcase classname="nikhil_automation.testcases.landingpagetest" name="printtitle" time="9.557"/>
  <system-out/>
  <testcase classname="nikhil_automation.testcases.landingpagetest" name="verifyTitle" time="6.346"/>
  <system-out/>
</testsuite> <!-- nikhil_automation.testcases.landingpagetest -->
